.class com.dt.jxhd.commons.dao.Dao Dao
.class com.dt.jxhd.commons.dao.SqlMapDao$1 IllIllIIIlIIIIll
.field com.dt.jxhd.commons.dao.SqlMapDao$1 this$0 Lcom/dt/jxhd/commons/dao/SqlMapDao; _$1
.class com.dt.jxhd.commons.dao.SqlMapDao SqlMapDao
.class com.dt.jxhd.commons.dao.sqlDao sqlDao
.class com.dt.jxhd.commons.domain.BaseDomain BaseDomain
.method com.dt.jxhd.commons.domain.BaseDomain getPageCount (I)I _$1
.field com.dt.jxhd.commons.domain.BaseDomain hi Ljava/math/BigDecimal; _$1
.field com.dt.jxhd.commons.domain.BaseDomain lo Ljava/math/BigDecimal; _$2
.field com.dt.jxhd.commons.domain.BaseDomain endTime Ljava/util/Date; _$3
.field com.dt.jxhd.commons.domain.BaseDomain beginTime Ljava/util/Date; _$4
.field com.dt.jxhd.commons.domain.BaseDomain data Ljava/util/List; _$5
.field com.dt.jxhd.commons.domain.BaseDomain pageCtrl Z _$6
.field com.dt.jxhd.commons.domain.BaseDomain pageSize I _$7
.field com.dt.jxhd.commons.domain.BaseDomain recNum I _$8
.field com.dt.jxhd.commons.domain.BaseDomain pageNo I _$9
.field com.dt.jxhd.commons.domain.BaseDomain pageNum I _$10
.class com.dt.jxhd.commons.domain.WarnDomain WarnDomain
.field com.dt.jxhd.commons.domain.WarnDomain warnNum I _$1
.field com.dt.jxhd.commons.domain.WarnDomain userName Ljava/lang/String; _$2
.field com.dt.jxhd.commons.domain.WarnDomain userId Ljava/lang/String; _$3
.class com.dt.jxhd.commons.service.IService IService
.class com.dt.jxhd.commons.service.BaseService BaseService
.field com.dt.jxhd.commons.service.BaseService dao Lcom/dt/jxhd/commons/dao/Dao; _$1
.field com.dt.jxhd.commons.service.BaseService log Lorg/apache/log4j/Logger; _$2
